
------------------------------------------------------------
Sender: LSF System <lsfadmin@je11>
Subject: Job 83227082: <code/experiment_juno.sh code transfer REP GDSC random_split .8 data/drug/rep-gdsc-ctd2-mean-log.csv results/2023-10-02_run_transfer/sREP_tGDSC/k_50 "" 1000 0 50> in cluster <juno> Exited

Job <code/experiment_juno.sh code transfer REP GDSC random_split .8 data/drug/rep-gdsc-ctd2-mean-log.csv results/2023-10-02_run_transfer/sREP_tGDSC/k_50 "" 1000 0 50> was submitted from host <juno> by user <liuj11> in cluster <juno> at Mon Oct  2 20:19:16 2023
Job was executed on host(s) <je11>, in queue <general>, as user <liuj11> in cluster <juno> at Mon Oct  2 20:19:20 2023
</home/liuj11> was used as the home directory.
</home/liuj11/tansey_lab/TL/transfer-learning> was used as the working directory.
Started at Mon Oct  2 20:19:20 2023
Terminated at Tue Oct  3 04:19:23 2023
Results reported at Tue Oct  3 04:19:23 2023

Your job looked like:

------------------------------------------------------------
# LSBATCH: User input
code/experiment_juno.sh code transfer REP GDSC random_split .8 data/drug/rep-gdsc-ctd2-mean-log.csv results/2023-10-02_run_transfer/sREP_tGDSC/k_50 "" 1000 0 50
------------------------------------------------------------

TERM_RUNLIMIT: job killed after reaching LSF run time limit.
Exited with signal termination: 19.

Resource usage summary:

    CPU time :                                   28724.00 sec.
    Max Memory :                                 -
    Average Memory :                             -
    Total Requested Memory :                     8.00 GB
    Delta Memory :                               -
    Max Swap :                                   -
    Max Processes :                              5
    Max Threads :                                53
    Run time :                                   28802 sec.
    Turnaround time :                            28807 sec.

The output (if any) is above this job summary.



PS:

Read file <results/2023-10-02_run_transfer/sREP_tGDSC/k_50/err.err> for stderr output of this job.

